#-----------------------------------------------------------
# Vivado v2018.3 (64-bit)
# SW Build 2405991 on Thu Dec  6 23:38:27 MST 2018
# IP Build 2404404 on Fri Dec  7 01:43:56 MST 2018
# Start of session at: Sun May 26 17:23:00 2019
# Process ID: 15672
# Current directory: D:/Dev/HardWare/MIPS_APP/project/cpu
# Command line: vivado.exe -gui_launcher_event rodinguilauncherevent12268 D:\Dev\HardWare\MIPS_APP\project\cpu\cpu.xpr
# Log file: D:/Dev/HardWare/MIPS_APP/project/cpu/vivado.log
# Journal file: D:/Dev/HardWare/MIPS_APP/project/cpu\vivado.jou
#-----------------------------------------------------------
start_gui
open_project D:/Dev/HardWare/MIPS_APP/project/cpu/cpu.xpr
INFO: [Project 1-313] Project file moved from 'D:/Dev/HardWare/MIPS/project/cpu' since last save.
WARNING: [Project 1-312] File not found as 'D:/Dev/HardWare/MIPS_APP/project/inst_rom.coe'; using path 'D:/Dev/HardWare/MIPS/project/inst_rom.coe' instead.
Scanning sources...
Finished scanning sources
WARNING: [Project 1-312] File not found as 'D:/Dev/HardWare/MIPS_APP/project/inst_rom.coe'; using path 'D:/Dev/HardWare/MIPS/project/inst_rom.coe' instead.
WARNING: [Project 1-312] File not found as 'D:/Dev/HardWare/MIPS_APP/project/inst_rom.coe'; using path 'D:/Dev/HardWare/MIPS/project/inst_rom.coe' instead.
INFO: [IP_Flow 19-234] Refreshing IP repositories
INFO: [IP_Flow 19-1704] No user IP repositories specified
INFO: [IP_Flow 19-2313] Loaded Vivado IP repository 'C:/Xilinx/Vivado/2018.3/data/ip'.
open_project: Time (s): cpu = 00:00:19 ; elapsed = 00:00:08 . Memory (MB): peak = 726.371 ; gain = 107.570
update_compile_order -fileset sources_1
export_ip_user_files -of_objects  [get_files d:/Dev/HardWare/MIPS_APP/project/inst_rom.coe] -no_script -reset -force -quiet
remove_files  d:/Dev/HardWare/MIPS_APP/project/inst_rom.coe
exit
INFO: [Common 17-206] Exiting Vivado at Mon May 27 14:48:04 2019...
